<?xml version="1.0" encoding="UTF-8"?>
<!-- Generated by org.testng.reporters.JUnitReportReporter -->
<testsuite hostname="Rehaan-PC" name="com.techm.testng.TestNGImpClass" tests="10" failures="0" timestamp="19 Jun 2015 17:13:50 GMT" time="0.113" errors="0">
  <testcase name="foo" time="0.057" classname="com.techm.testng.TestNGImpClass"/>
  <testcase name="foo" time="0.001" classname="com.techm.testng.TestNGImpClass"/>
  <testcase name="foo" time="0.000" classname="com.techm.testng.TestNGImpClass"/>
  <testcase name="foo" time="0.000" classname="com.techm.testng.TestNGImpClass"/>
  <testcase name="foo" time="0.000" classname="com.techm.testng.TestNGImpClass"/>
  <testcase name="foo" time="0.055" classname="com.techm.testng.TestNGImpClass"/>
  <testcase name="foo" time="0.000" classname="com.techm.testng.TestNGImpClass"/>
  <testcase name="foo" time="0.000" classname="com.techm.testng.TestNGImpClass"/>
  <testcase name="foo" time="0.000" classname="com.techm.testng.TestNGImpClass"/>
  <testcase name="foo" time="0.000" classname="com.techm.testng.TestNGImpClass"/>
</testsuite> <!-- com.techm.testng.TestNGImpClass -->
