<?xml version="1.0" encoding="UTF-8"?>
<!-- Generated by org.testng.reporters.JUnitReportReporter -->
<testsuite hostname="Rehaan-PC" name="com.techm.testng.listeners.ITestResultClass" tests="10" failures="0" timestamp="19 Jun 2015 17:13:50 GMT" time="0.152" errors="2">
  <testcase name="bar" time="0.001" classname="com.techm.testng.listeners.ITestResultClass">
    <error type="java.lang.AssertionError" message="Method bar is a failure :( ">
      <![CDATA[java.lang.AssertionError: Method bar is a failure :( 
	at org.testng.Assert.fail(Assert.java:94)
	at com.techm.testng.listeners.ITestResultClass.bar(Unknown Source)
	at sun.reflect.NativeMethodAccessorImpl.invoke0(Native Method)
	at sun.reflect.NativeMethodAccessorImpl.invoke(Unknown Source)
	at sun.reflect.DelegatingMethodAccessorImpl.invoke(Unknown Source)
	at java.lang.reflect.Method.invoke(Unknown Source)
	at org.testng.internal.MethodInvocationHelper.invokeMethod(MethodInvocationHelper.java:84)
	at org.testng.internal.Invoker.invokeMethod(Invoker.java:714)
	at org.testng.internal.Invoker.invokeTestMethod(Invoker.java:901)
	at org.testng.internal.Invoker.invokeTestMethods(Invoker.java:1231)
	at org.testng.internal.TestMethodWorker.invokeTestMethods(TestMethodWorker.java:127)
	at org.testng.internal.TestMethodWorker.run(TestMethodWorker.java:111)
	at org.testng.TestRunner.privateRun(TestRunner.java:767)
	at org.testng.TestRunner.run(TestRunner.java:617)
	at org.testng.SuiteRunner.runTest(SuiteRunner.java:334)
	at org.testng.SuiteRunner.access$000(SuiteRunner.java:37)
	at org.testng.SuiteRunner$SuiteWorker.run(SuiteRunner.java:368)
	at org.testng.internal.thread.ThreadUtil$2.call(ThreadUtil.java:64)
	at java.util.concurrent.FutureTask.run(Unknown Source)
	at java.util.concurrent.ThreadPoolExecutor.runWorker(Unknown Source)
	at java.util.concurrent.ThreadPoolExecutor$Worker.run(Unknown Source)
	at java.lang.Thread.run(Unknown Source)
]]>
    </error>
  </testcase> <!-- bar -->
  <testcase name="coke" time="0.000" classname="com.techm.testng.listeners.ITestResultClass"/>
  <testcase name="bar" time="0.000" classname="com.techm.testng.listeners.ITestResultClass">
    <error type="java.lang.AssertionError" message="Method bar is a failure :( ">
      <![CDATA[java.lang.AssertionError: Method bar is a failure :( 
	at org.testng.Assert.fail(Assert.java:94)
	at com.techm.testng.listeners.ITestResultClass.bar(Unknown Source)
	at sun.reflect.NativeMethodAccessorImpl.invoke0(Native Method)
	at sun.reflect.NativeMethodAccessorImpl.invoke(Unknown Source)
	at sun.reflect.DelegatingMethodAccessorImpl.invoke(Unknown Source)
	at java.lang.reflect.Method.invoke(Unknown Source)
	at org.testng.internal.MethodInvocationHelper.invokeMethod(MethodInvocationHelper.java:84)
	at org.testng.internal.Invoker.invokeMethod(Invoker.java:714)
	at org.testng.internal.Invoker.invokeTestMethod(Invoker.java:901)
	at org.testng.internal.Invoker.invokeTestMethods(Invoker.java:1231)
	at org.testng.internal.TestMethodWorker.invokeTestMethods(TestMethodWorker.java:127)
	at org.testng.internal.TestMethodWorker.run(TestMethodWorker.java:111)
	at org.testng.TestRunner.privateRun(TestRunner.java:767)
	at org.testng.TestRunner.run(TestRunner.java:617)
	at org.testng.SuiteRunner.runTest(SuiteRunner.java:334)
	at org.testng.SuiteRunner.access$000(SuiteRunner.java:37)
	at org.testng.SuiteRunner$SuiteWorker.run(SuiteRunner.java:368)
	at org.testng.internal.thread.ThreadUtil$2.call(ThreadUtil.java:64)
	at java.util.concurrent.FutureTask.run(Unknown Source)
	at java.util.concurrent.ThreadPoolExecutor.runWorker(Unknown Source)
	at java.util.concurrent.ThreadPoolExecutor$Worker.run(Unknown Source)
	at java.lang.Thread.run(Unknown Source)
]]>
    </error>
  </testcase> <!-- bar -->
  <testcase name="orange" time="0.000" classname="com.techm.testng.listeners.ITestResultClass"/>
  <testcase name="wine" time="0.069" classname="com.techm.testng.listeners.ITestResultClass"/>
  <testcase name="orange" time="0.000" classname="com.techm.testng.listeners.ITestResultClass"/>
  <testcase name="foo" time="0.001" classname="com.techm.testng.listeners.ITestResultClass"/>
  <testcase name="wine" time="0.080" classname="com.techm.testng.listeners.ITestResultClass"/>
  <testcase name="foo" time="0.000" classname="com.techm.testng.listeners.ITestResultClass"/>
  <testcase name="coke" time="0.001" classname="com.techm.testng.listeners.ITestResultClass"/>
</testsuite> <!-- com.techm.testng.listeners.ITestResultClass -->
