<?xml version="1.0" encoding="UTF-8"?>
<!-- Generated by org.testng.reporters.JUnitReportReporter -->
<testsuite hostname="Rehaan-PC" name="com.techm.testng.NewClass" tests="2" failures="0" timestamp="19 Jun 2015 17:56:12 GMT" time="0.000" errors="0">
  <testcase name="newClass" time="0.000" classname="com.techm.testng.NewClass"/>
  <testcase name="newClass" time="0.000" classname="com.techm.testng.NewClass"/>
</testsuite> <!-- com.techm.testng.NewClass -->
