<?xml version="1.0" encoding="UTF-8"?>
<!-- Generated by org.testng.reporters.JUnitReportReporter -->
<testsuite hostname="Rehaan-PC" name="com.techm.testng.ParameterClass" tests="2" failures="1" timestamp="19 Jun 2015 17:56:12 GMT" time="0.000" errors="0">
  <testcase name="paramterMethod" time="0.000" classname="com.techm.testng.ParameterClass">
    <failure type="org.testng.TestNGException" message="
Parameter &#039;url&#039; is required by @Test on method paramterMethod but has not been marked @Optional or defined
in C:\Selenium\workspace3\Test\TechM_TestNG_Framework\ant\build\testng-listeners.xml">
      <![CDATA[org.testng.TestNGException: 
Parameter 'url' is required by @Test on method paramterMethod but has not been marked @Optional or defined
in C:\Selenium\workspace3\Test\TechM_TestNG_Framework\ant\build\testng-listeners.xml
	at org.testng.internal.Parameters.createParameters(Parameters.java:155)
	at org.testng.internal.Parameters.createParameters(Parameters.java:358)
	at org.testng.internal.Parameters.handleParameters(Parameters.java:450)
	at org.testng.internal.Invoker.handleParameters(Invoker.java:1383)
	at org.testng.internal.Invoker.createParameters(Invoker.java:1075)
	at org.testng.internal.Invoker.invokeTestMethods(Invoker.java:1180)
	at org.testng.internal.TestMethodWorker.invokeTestMethods(TestMethodWorker.java:127)
	at org.testng.internal.TestMethodWorker.run(TestMethodWorker.java:111)
	at org.testng.TestRunner.privateRun(TestRunner.java:767)
	at org.testng.TestRunner.run(TestRunner.java:617)
	at org.testng.SuiteRunner.runTest(SuiteRunner.java:334)
	at org.testng.SuiteRunner.access$000(SuiteRunner.java:37)
	at org.testng.SuiteRunner$SuiteWorker.run(SuiteRunner.java:368)
	at org.testng.internal.thread.ThreadUtil$2.call(ThreadUtil.java:64)
	at java.util.concurrent.FutureTask.run(Unknown Source)
	at java.util.concurrent.ThreadPoolExecutor.runWorker(Unknown Source)
	at java.util.concurrent.ThreadPoolExecutor$Worker.run(Unknown Source)
	at java.lang.Thread.run(Unknown Source)
]]>
    </failure>
  </testcase> <!-- paramterMethod -->
  <testcase name="paramterMethod" time="0.000" classname="com.techm.testng.ParameterClass"/>
</testsuite> <!-- com.techm.testng.ParameterClass -->
