<?xml version="1.0" encoding="UTF-8"?>
<!-- Generated by org.testng.reporters.JUnitReportReporter -->
<testsuite hostname="Rehaan-PC" name="com.techm.testng.listeners.IInvokedMethodListenerClass" tests="12" failures="0" timestamp="19 Jun 2015 17:13:50 GMT" time="0.001" errors="0">
  <testcase name="testCaseThree" time="0.000" classname="com.techm.testng.listeners.IInvokedMethodListenerClass"/>
  <testcase name="testCaseOne" time="0.000" classname="com.techm.testng.listeners.IInvokedMethodListenerClass"/>
  <testcase name="testCaseTwo" time="0.000" classname="com.techm.testng.listeners.IInvokedMethodListenerClass"/>
  <testcase name="testCaseFour" time="0.000" classname="com.techm.testng.listeners.IInvokedMethodListenerClass"/>
  <testcase name="testCaseThree" time="0.001" classname="com.techm.testng.listeners.IInvokedMethodListenerClass"/>
  <testcase name="testCaseOne" time="0.000" classname="com.techm.testng.listeners.IInvokedMethodListenerClass"/>
  <testcase name="testCaseTwo" time="0.000" classname="com.techm.testng.listeners.IInvokedMethodListenerClass"/>
  <testcase name="testCaseFour" time="0.000" classname="com.techm.testng.listeners.IInvokedMethodListenerClass"/>
  <testcase name="testCaseSix" time="0.000" classname="com.techm.testng.listeners.IInvokedMethodListenerClass"/>
  <testcase name="testCaseSix" time="0.000" classname="com.techm.testng.listeners.IInvokedMethodListenerClass"/>
  <testcase name="testCaseFive" time="0.000" classname="com.techm.testng.listeners.IInvokedMethodListenerClass"/>
  <testcase name="testCaseFive" time="0.000" classname="com.techm.testng.listeners.IInvokedMethodListenerClass"/>
</testsuite> <!-- com.techm.testng.listeners.IInvokedMethodListenerClass -->
