<?xml version="1.0" encoding="UTF-8"?>
<!-- Generated by org.testng.reporters.JUnitReportReporter -->
<testsuite hostname="Rehaan-PC" name="com.techm.testng.TestNgClass" tests="2" failures="0" timestamp="19 Jun 2015 17:56:12 GMT" time="0.000" errors="0">
  <testcase name="f" time="0.000" classname="com.techm.testng.TestNgClass"/>
  <testcase name="f" time="0.000" classname="com.techm.testng.TestNgClass"/>
</testsuite> <!-- com.techm.testng.TestNgClass -->
