<?xml version="1.0" encoding="UTF-8"?>
<!-- Generated by org.testng.reporters.JUnitReportReporter -->
<testsuite hostname="Rehaan-PC" name="com.techm.testng.TestNGClassPriority" tests="14" failures="0" timestamp="19 Jun 2015 17:56:12 GMT" time="0.001" errors="0">
  <testcase name="testCaseE" time="0.000" classname="com.techm.testng.TestNGClassPriority"/>
  <testcase name="testCaseG" time="0.000" classname="com.techm.testng.TestNGClassPriority"/>
  <testcase name="testCaseC" time="0.000" classname="com.techm.testng.TestNGClassPriority"/>
  <testcase name="testCaseD" time="0.000" classname="com.techm.testng.TestNGClassPriority"/>
  <testcase name="testCaseF" time="0.001" classname="com.techm.testng.TestNGClassPriority"/>
  <testcase name="testCaseC" time="0.000" classname="com.techm.testng.TestNGClassPriority"/>
  <testcase name="testCaseB" time="0.000" classname="com.techm.testng.TestNGClassPriority"/>
  <testcase name="testCaseD" time="0.000" classname="com.techm.testng.TestNGClassPriority"/>
  <testcase name="testCaseB" time="0.000" classname="com.techm.testng.TestNGClassPriority"/>
  <testcase name="testCaseA" time="0.000" classname="com.techm.testng.TestNGClassPriority"/>
  <testcase name="testCaseG" time="0.000" classname="com.techm.testng.TestNGClassPriority"/>
  <testcase name="testCaseF" time="0.000" classname="com.techm.testng.TestNGClassPriority"/>
  <testcase name="testCaseE" time="0.000" classname="com.techm.testng.TestNGClassPriority"/>
  <testcase name="testCaseA" time="0.000" classname="com.techm.testng.TestNGClassPriority"/>
</testsuite> <!-- com.techm.testng.TestNGClassPriority -->
