<?xml version="1.0" encoding="UTF-8"?>
<!-- Generated by org.testng.reporters.JUnitReportReporter -->
<testsuite hostname="Rehaan-PC" name="com.techm.testng.TestNgClassDependsOnMethods" tests="8" failures="0" timestamp="19 Jun 2015 17:13:50 GMT" time="0.002" errors="0">
  <testcase name="login" time="0.000" classname="com.techm.testng.TestNgClassDependsOnMethods"/>
  <testcase name="payment" time="0.000" classname="com.techm.testng.TestNgClassDependsOnMethods"/>
  <testcase name="pop$$" time="0.000" classname="com.techm.testng.TestNgClassDependsOnMethods"/>
  <testcase name="payment" time="0.000" classname="com.techm.testng.TestNgClassDependsOnMethods"/>
  <testcase name="logout" time="0.000" classname="com.techm.testng.TestNgClassDependsOnMethods"/>
  <testcase name="pop$$" time="0.000" classname="com.techm.testng.TestNgClassDependsOnMethods"/>
  <testcase name="login" time="0.001" classname="com.techm.testng.TestNgClassDependsOnMethods"/>
  <testcase name="logout" time="0.001" classname="com.techm.testng.TestNgClassDependsOnMethods"/>
</testsuite> <!-- com.techm.testng.TestNgClassDependsOnMethods -->
