<?xml version="1.0" encoding="UTF-8"?>
<!-- Generated by org.testng.reporters.JUnitReportReporter -->
<testsuite hostname="Rehaan-PC" name="com.techm.testng.TestCaseOne" tests="2" failures="0" timestamp="19 Jun 2015 17:56:12 GMT" time="10.003" errors="0">
  <testcase name="testMethodOne" time="5.002" classname="com.techm.testng.TestCaseOne"/>
  <testcase name="testMethodOne" time="5.001" classname="com.techm.testng.TestCaseOne"/>
</testsuite> <!-- com.techm.testng.TestCaseOne -->
