<?xml version="1.0" encoding="UTF-8"?>
<!-- Generated by org.testng.reporters.JUnitReportReporter -->
<testsuite hostname="Rehaan-PC" name="com.techm.testng.SalesForceTest" tests="2" failures="0" timestamp="19 Jun 2015 17:56:12 GMT" time="102.823" errors="0">
  <testcase name="loginSalesforce" time="57.922" classname="com.techm.testng.SalesForceTest"/>
  <testcase name="loginSalesforce" time="44.901" classname="com.techm.testng.SalesForceTest"/>
</testsuite> <!-- com.techm.testng.SalesForceTest -->
