<?xml version="1.0" encoding="UTF-8"?>
<!-- Generated by org.testng.reporters.JUnitReportReporter -->
<testsuite hostname="Rehaan-PC" name="com.techm.practise.ImplementingITestListener" tests="8" failures="0" timestamp="19 Jun 2015 17:13:50 GMT" time="0.000" errors="0">
  <testcase name="bar" time="0.000" classname="com.techm.practise.ImplementingITestListener"/>
  <testcase name="foo" time="0.000" classname="com.techm.practise.ImplementingITestListener"/>
  <testcase name="foo" time="0.000" classname="com.techm.practise.ImplementingITestListener"/>
  <testcase name="coke" time="0.000" classname="com.techm.practise.ImplementingITestListener"/>
  <testcase name="wine" time="0.000" classname="com.techm.practise.ImplementingITestListener"/>
  <testcase name="coke" time="0.000" classname="com.techm.practise.ImplementingITestListener"/>
  <testcase name="wine" time="0.000" classname="com.techm.practise.ImplementingITestListener"/>
  <testcase name="bar" time="0.000" classname="com.techm.practise.ImplementingITestListener"/>
</testsuite> <!-- com.techm.practise.ImplementingITestListener -->
