<?xml version="1.0" encoding="UTF-8"?>
<!-- Generated by org.testng.reporters.JUnitReportReporter -->
<testsuite hostname="Rehaan-PC" name="com.techm.testng.SampleTest" tests="2" failures="0" timestamp="19 Jun 2015 17:13:50 GMT" time="0.000" errors="0">
  <testcase name="helloWorld" time="0.000" classname="com.techm.testng.SampleTest"/>
  <testcase name="helloWorld" time="0.000" classname="com.techm.testng.SampleTest"/>
</testsuite> <!-- com.techm.testng.SampleTest -->
