<?xml version="1.0" encoding="UTF-8"?>
<!-- Generated by org.testng.reporters.JUnitReportReporter -->
<testsuite hostname="Rehaan-PC" name="com.techm.practise.ITestListenerClass" tests="2" failures="0" timestamp="19 Jun 2015 17:13:50 GMT" time="0.000" errors="0">
  <testcase name="f" time="0.000" classname="com.techm.practise.ITestListenerClass"/>
  <testcase name="f" time="0.000" classname="com.techm.practise.ITestListenerClass"/>
</testsuite> <!-- com.techm.practise.ITestListenerClass -->
