<?xml version="1.0" encoding="UTF-8"?>
<!-- Generated by org.testng.reporters.JUnitReportReporter -->
<testsuite hostname="Rehaan-PC" name="com.techm.testng.SalesForceTest" tests="2" failures="0" timestamp="19 Jun 2015 17:13:50 GMT" time="104.615" errors="0">
  <testcase name="loginSalesforce" time="44.747" classname="com.techm.testng.SalesForceTest"/>
  <testcase name="loginSalesforce" time="59.868" classname="com.techm.testng.SalesForceTest"/>
</testsuite> <!-- com.techm.testng.SalesForceTest -->
