<?xml version="1.0" encoding="UTF-8"?>
<!-- Generated by org.testng.reporters.JUnitReportReporter -->
<testsuite hostname="Rehaan-PC" name="com.techm.testng.TestNgGroupsClass" tests="10" failures="0" timestamp="19 Jun 2015 17:13:50 GMT" time="0.000" errors="0">
  <testcase name="groupsMethod3" time="0.000" classname="com.techm.testng.TestNgGroupsClass"/>
  <testcase name="groupsMethod3" time="0.000" classname="com.techm.testng.TestNgGroupsClass"/>
  <testcase name="groupsMethod5" time="0.000" classname="com.techm.testng.TestNgGroupsClass"/>
  <testcase name="groupsMethod1" time="0.000" classname="com.techm.testng.TestNgGroupsClass"/>
  <testcase name="groupsMethod2" time="0.000" classname="com.techm.testng.TestNgGroupsClass"/>
  <testcase name="groupsMethod5" time="0.000" classname="com.techm.testng.TestNgGroupsClass"/>
  <testcase name="groupsMethod4" time="0.000" classname="com.techm.testng.TestNgGroupsClass"/>
  <testcase name="groupsMethod4" time="0.000" classname="com.techm.testng.TestNgGroupsClass"/>
  <testcase name="groupsMethod1" time="0.000" classname="com.techm.testng.TestNgGroupsClass"/>
  <testcase name="groupsMethod2" time="0.000" classname="com.techm.testng.TestNgGroupsClass"/>
</testsuite> <!-- com.techm.testng.TestNgGroupsClass -->
