<?xml version="1.0" encoding="UTF-8"?>
<!-- Generated by org.testng.reporters.JUnitReportReporter -->
<testsuite hostname="Rehaan-PC" name="com.techm.testng.DataProviderClassName" tests="6" failures="0" timestamp="19 Jun 2015 17:13:50 GMT" time="0.001" errors="0">
  <testcase name="loginTestCase0" time="0.000" classname="com.techm.testng.DataProviderClassName"/>
  <testcase name="loginTestCase0" time="0.000" classname="com.techm.testng.DataProviderClassName"/>
  <testcase name="loginTestCase0" time="0.000" classname="com.techm.testng.DataProviderClassName"/>
  <testcase name="loginTestCase0" time="0.000" classname="com.techm.testng.DataProviderClassName"/>
  <testcase name="loginTestCase0" time="0.001" classname="com.techm.testng.DataProviderClassName"/>
  <testcase name="loginTestCase0" time="0.000" classname="com.techm.testng.DataProviderClassName"/>
</testsuite> <!-- com.techm.testng.DataProviderClassName -->
